<?xml version="1.0" encoding="UTF-8"?>
<!-- Generated by org.testng.reporters.JUnitReportReporter -->
<testsuite hostname="DESKTOP-J5AMVUJ" failures="0" tests="2" name="io.vinam.AutomationCreation" time="88.019" errors="0" timestamp="17 Apr 2021 12:22:30 GMT" skipped="0">
  <testcase classname="io.vinam.AutomationCreation" name="Automation" time="40.020"/>
  <testcase classname="io.vinam.AutomationCreation" name="Automation" time="47.999"/>
</testsuite> <!-- io.vinam.AutomationCreation -->
