<?xml version="1.0" encoding="UTF-8"?>
<!-- Generated by org.testng.reporters.JUnitReportReporter -->
<testsuite hostname="DESKTOP-J5AMVUJ" failures="0" tests="1" name="io.vinam.DataProviderTest" time="0.017" errors="0" timestamp="13 Apr 2021 12:40:31 GMT" skipped="0">
  <testcase classname="io.vinam.DataProviderTest" name="hello" time="0.017"/>
</testsuite> <!-- io.vinam.DataProviderTest -->
