<?xml version="1.0" encoding="UTF-8"?>
<!-- Generated by org.testng.reporters.JUnitReportReporter -->
<testsuite hostname="DESKTOP-J5AMVUJ" failures="0" tests="2" name="io.vinam.LoginTest" time="22.572" errors="0" timestamp="17 Apr 2021 12:11:54 GMT" skipped="0">
  <testcase classname="io.vinam.LoginTest" name="login" time="11.612"/>
  <testcase classname="io.vinam.LoginTest" name="login" time="10.960"/>
</testsuite> <!-- io.vinam.LoginTest -->
